proguard/seeds.txt
com.example.switchbutton.R$drawable: int ic_launcher
com.example.switchbutton.R$id: int action_settings
com.example.switchbutton.R$layout: int activity_main
com.example.switchbutton.R$menu: int main
com.example.switchbutton.R$string: int action_settings
com.example.switchbutton.R$string: int app_name
com.example.switchbutton.R$string: int hello_world
com.example.switchbutton.R$style: int AppBaseTheme
com.example.switchbutton.R$style: int AppTheme
com.example.switchbutton.R$styleable: int[] ToggleButton
com.example.switchbutton.R$styleable: int ToggleButton_tbAnimate
com.example.switchbutton.R$styleable: int ToggleButton_tbAsDefaultOn
com.example.switchbutton.R$styleable: int ToggleButton_tbBorderWidth
com.example.switchbutton.R$styleable: int ToggleButton_tbOffBorderColor
com.example.switchbutton.R$styleable: int ToggleButton_tbOffColor
com.example.switchbutton.R$styleable: int ToggleButton_tbOnColor
com.example.switchbutton.R$styleable: int ToggleButton_tbSpotColor
com.example.xm.util.GetIpPort
com.example.xm.util.GetIpPort: java.lang.String getIpString()
com.example.xm.util.GetIpPort: java.lang.String getPortString()
com.google.gson.FieldNamingPolicy: com.google.gson.FieldNamingPolicy[] values()
com.google.gson.FieldNamingPolicy: com.google.gson.FieldNamingPolicy valueOf(java.lang.String)
com.google.gson.LongSerializationPolicy: com.google.gson.LongSerializationPolicy[] values()
com.google.gson.LongSerializationPolicy: com.google.gson.LongSerializationPolicy valueOf(java.lang.String)
com.google.gson.stream.JsonToken: com.google.gson.stream.JsonToken[] values()
com.google.gson.stream.JsonToken: com.google.gson.stream.JsonToken valueOf(java.lang.String)
com.readystatesoftware.viewbadger.BadgeView: android.graphics.drawable.ShapeDrawable getDefaultBackground()
com.readystatesoftware.viewbadger.BadgeView: android.view.View getTarget()
com.readystatesoftware.viewbadger.BadgeView: int getBadgePosition()
com.readystatesoftware.viewbadger.BadgeView: void setBadgePosition(int)
com.readystatesoftware.viewbadger.BadgeView: int getHorizontalBadgeMargin()
com.readystatesoftware.viewbadger.BadgeView: int getVerticalBadgeMargin()
com.readystatesoftware.viewbadger.BadgeView: void setBadgeMargin(int)
com.readystatesoftware.viewbadger.BadgeView: int getBadgeBackgroundColor()
com.readystatesoftware.viewbadger.BadgeView: void setBadgeBackgroundColor(int)
com.xm.Widget.CustomadeProgressBar
com.xm.Widget.CustomadeProgressBar: CustomadeProgressBar(android.content.Context)
com.xm.Widget.CustomadeProgressBar: CustomadeProgressBar(android.content.Context,android.util.AttributeSet)
com.xm.Widget.CustomadeProgressBar: CustomadeProgressBar(android.content.Context,android.util.AttributeSet,int)
com.xm.Widget.CustomadeProgressBar: void setProgress(int)
com.xm.Widget.CustomadeProgressBar: void setTextProgress(int)
com.xm.Widget.DragGridView
com.xm.Widget.DragGridView: DragGridView(android.content.Context)
com.xm.Widget.DragGridView: DragGridView(android.content.Context,android.util.AttributeSet)
com.xm.Widget.DragGridView: DragGridView(android.content.Context,android.util.AttributeSet,int)
com.xm.Widget.DragGridView: void setAdapter(android.widget.ListAdapter)
com.xm.Widget.DragGridView: void setNumColumns(int)
com.xm.Widget.DragGridView: void setColumnWidth(int)
com.xm.Widget.DragGridView: void setHorizontalSpacing(int)
com.xm.Widget.DragGridView: void setDragResponseMS(long)
com.xm.Widget.ExpandableLayout
com.xm.Widget.ExpandableLayout: ExpandableLayout(android.content.Context,android.util.AttributeSet)
com.xm.Widget.LVCircularRing
com.xm.Widget.LVCircularRing: LVCircularRing(android.content.Context)
com.xm.Widget.LVCircularRing: LVCircularRing(android.content.Context,android.util.AttributeSet)
com.xm.Widget.LVCircularRing: LVCircularRing(android.content.Context,android.util.AttributeSet,int)