proguard/mapping.txt
com.xm.activity.Home$6 -> com.xm.activity.k:
    com.xm.activity.Home this$0 -> a
    void onClick(android.content.DialogInterface,int) -> onClick
com.xm.activity.Home$7 -> com.xm.activity.l:
    com.xm.activity.Home this$0 -> a
    void onClick(android.content.DialogInterface,int) -> onClick
com.xm.activity.Home$8 -> com.xm.activity.m:
    com.xm.activity.Home this$0 -> a
    android.widget.AdapterView val$arg0 -> b
    int val$arg2 -> c
    void onItemClick(android.widget.AdapterView,android.view.View,int,long) -> onItemClick
    com.xm.activity.Home access$0(com.xm.activity.Home$8) -> a
com.xm.activity.Home$8$1 -> com.xm.activity.n:
    com.xm.activity.Home$8 this$1 -> a
    void Response(com.xm.Bean.MessageBean) -> a
    void Response(java.lang.Object) -> a
com.xm.activity.Home$8$2 -> com.xm.activity.o:
    com.xm.activity.Home$8 this$1 -> a
    android.content.SharedPreferences$Editor val$editor -> b
    void run() -> run
    com.xm.activity.Home$8 access$0(com.xm.activity.Home$8$2) -> a
com.xm.activity.Home$8$2$1 -> com.xm.activity.p:
    com.xm.activity.Home$8$2 this$2 -> a
    android.content.SharedPreferences$Editor val$editor -> b
    void run() -> run
com.xm.activity.Home$8$3 -> com.xm.activity.q:
    com.xm.activity.Home$8 this$1 -> a
    void onClick(android.content.DialogInterface,int) -> onClick
com.xm.activity.Home$8$4 -> com.xm.activity.r:
    com.xm.activity.Home$8 this$1 -> a
    java.util.HashMap val$item -> b
    android.content.SharedPreferences$Editor val$editor -> c
    int val$arg2 -> d
    void onClick(android.content.DialogInterface,int) -> onClick
com.xm.activity.Home$9 -> com.xm.activity.s:
    com.xm.activity.Home this$0 -> a
    void onClick(android.content.DialogInterface,int) -> onClick
com.xm.activity.Home$LoginThread -> com.xm.activity.t:
    com.xm.activity.Home this$0 -> a
    void run() -> run
com.xm.activity.Home$LoginThread$1 -> com.xm.activity.u:
    com.xm.activity.Home$LoginThread this$1 -> a
    void onSuccess(int,java.lang.String) -> a
    void onFaliure(int) -> a
com.xm.activity.NonStandard_RuntimeView -> com.xm.activity.NonStandard_RuntimeView:
    android.widget.ListView lv_group -> at
    java.util.List data -> au
    java.util.List groupData -> av
    java.util.List childData -> aw
    java.util.List tempchild -> ax
    android.widget.Button collapse -> a
    android.widget.Button empty -> b
    android.widget.Button implement -> c
    android.widget.Button stop -> d
    android.widget.Button savelist -> e
    android.widget.Button list -> f
    android.widget.TextView title -> g
    android.widget.Button btn_title -> h
    android.widget.Toast toast -> i
    android.widget.Button add -> j
    android.widget.ImageButton up -> k
    android.widget.ImageButton down -> l
    android.widget.ImageButton insert -> m
    android.widget.ImageButton edit -> n
    android.widget.ImageButton remove -> o
    android.widget.ImageButton cancel -> p
    android.widget.LinearLayout action -> ay
    com.xm.adapter.ExpandableAdapter adapter -> q
    com.xm.adapter.GroupAdapter groupAdapter -> r
    android.view.LayoutInflater inflater -> s
    android.view.View setDialogView -> t
    android.view.View tempview -> u
    com.xm.Widget.CustomadeDialog$Builder builder -> v
    com.xm.Widget.CustomadeDialog customadeDialog -> w
    com.xm.Widget.CustomadeDialog renameDialog -> x
    android.widget.ExpandableListView expandablelistview -> y
    int gposition -> z
    int cposition -> A
    int gclickp -> B
com.xm.activity.NonStandard_RuntimeView$1 -> com.xm.activity.v:
    com.xm.activity.NonStandard_RuntimeView this$0 -> a
    void onClick(android.view.View) -> onClick
    com.xm.activity.NonStandard_RuntimeView access$0(com.xm.activity.NonStandard_RuntimeView$1) -> a