proguard/usage.txt
org.slf4j.event.SubstituteLoggingEvent:
    org.slf4j.Marker marker
    19:19:public org.slf4j.event.Level getLevel()
    27:27:public org.slf4j.Marker getMarker()
    31:32:public void setMarker(org.slf4j.Marker)
    35:35:public java.lang.String getLoggerName()
    51:51:public java.lang.String getMessage()
    59:59:public java.lang.Object[] getArgumentArray()
    67:67:public long getTimeStamp()
    75:75:public java.lang.String getThreadName()
    83:83:public java.lang.Throwable getThrowable()
org.slf4j.helpers.BasicMDCAdapter
org.slf4j.helpers.BasicMDCAdapter$1
org.slf4j.helpers.BasicMarker
org.slf4j.helpers.BasicMarkerFactory
org.slf4j.helpers.FormattingTuple
org.slf4j.helpers.MarkerIgnoringBase:
    private static final long serialVersionUID
    43:43:public boolean isTraceEnabled(org.slf4j.Marker)
    47:48:public void trace(org.slf4j.Marker,java.lang.String)
    51:52:public void trace(org.slf4j.Marker,java.lang.String,java.lang.Object)
    55:56:public void trace(org.slf4j.Marker,java.lang.String,java.lang.Object,java.lang.Object)
    59:60:public varargs void trace(org.slf4j.Marker,java.lang.String,java.lang.Object[])
    63:64:public void trace(org.slf4j.Marker,java.lang.String,java.lang.Throwable)
    67:67:public boolean isDebugEnabled(org.slf4j.Marker)
    71:72:public void debug(org.slf4j.Marker,java.lang.String)
    75:76:public void debug(org.slf4j.Marker,java.lang.String,java.lang.Object)
    79:80:public void debug(org.slf4j.Marker,java.lang.String,java.lang.Object,java.lang.Object)
    83:84:public varargs void debug(org.slf4j.Marker,java.lang.String,java.lang.Object[])
    87:88:public void debug(org.slf4j.Marker,java.lang.String,java.lang.Throwable)
    91:91:public boolean isInfoEnabled(org.slf4j.Marker)
    95:96:public void info(org.slf4j.Marker,java.lang.String)
    99:100:public void info(org.slf4j.Marker,java.lang.String,java.lang.Object)
    103:104:public void info(org.slf4j.Marker,java.lang.String,java.lang.Object,java.lang.Object)
    107:108:public varargs void info(org.slf4j.Marker,java.lang.String,java.lang.Object[])
org.slf4j.helpers.MessageFormatter
org.slf4j.helpers.NOPLogger:
    private static final long serialVersionUID
    63:63:public final boolean isTraceEnabled()
    69:69:public final void trace(java.lang.String)
    74:74:public final void trace(java.lang.String,java.lang.Object)
    79:79:public final void trace(java.lang.String,java.lang.Object,java.lang.Object)
    84:84:public final varargs void trace(java.lang.String,java.lang.Object[])
    89:89:public final void trace(java.lang.String,java.lang.Throwable)
    96:96:public final boolean isDebugEnabled()
    102:102:public final void debug(java.lang.String)
    117:117:public final varargs void debug(java.lang.String,java.lang.Object[])
    122:122:public final void debug(java.lang.String,java.lang.Throwable)
    130:130:public final boolean isInfoEnabled()
    136:136:public final void info(java.lang.String)
    141:141:public final void info(java.lang.String,java.lang.Object)
    146:146:public final void info(java.lang.String,java.lang.Object,java.lang.Object)
    151:151:public final varargs void info(java.lang.String,java.lang.Object[])
    156:156:public final void info(java.lang.String,java.lang.Throwable)
    184:184:public final varargs void warn(java.lang.String,java.lang.Object[])
    193:193:public final boolean isErrorEnabled()
    209:209:public final void error(java.lang.String,java.lang.Object,java.lang.Object)
    214:214:public final varargs void error(java.lang.String,java.lang.Object[])
org.slf4j.helpers.NOPMDCAdapter
org.slf4j.helpers.NamedLoggerBase:
    private static final long serialVersionUID
    67:67:protected java.lang.Object readResolve()